The system is: Windows - 10.0.17763 - AMD64
Compiling the C compiler identification source file "CMakeCCompilerId.c" succeeded.
Compiler: C:/Program Files (x86)/Microsoft Visual Studio/2019/Community/VC/Tools/MSVC/14.27.29110/bin/Hostx64/x64/cl.exe 
Build flags: 
Id flags:  

The output was:
0
用于 x64 的 Microsoft (R) C/C++ 优化编译器 19.27.29112 版
版权所有(C) Microsoft Corporation。保留所有权利。

CMakeCCompilerId.c
Microsoft (R) Incremental Linker Version 14.27.29112.0
Copyright (C) Microsoft Corporation.  All rights reserved.

/out:CMakeCCompilerId.exe 
CMakeCCompilerId.obj 


Compilation of the C compiler identification source "CMakeCCompilerId.c" produced "CMakeCCompilerId.exe"

Compilation of the C compiler identification source "CMakeCCompilerId.c" produced "CMakeCCompilerId.obj"

The C compiler identification is MSVC, found in "C:/Users/madoka_9900/Documents/github/CUDA_BEIGIN/cuda_cct/cmake-build-debug/CMakeFiles/3.17.3/CompilerIdC/CMakeCCompilerId.exe"

Determining if the C compiler works passed with the following output:
Change Dir: C:/Users/madoka_9900/Documents/github/CUDA_BEIGIN/cuda_cct/cmake-build-debug/CMakeFiles/CMakeTmp

Run Build Command(s):nmake /nologo cmTC_d6420\fast && 	"C:\Program Files (x86)\Microsoft Visual Studio\2019\Community\VC\Tools\MSVC\14.27.29110\bin\HostX64\x64\nmake.exe"  -f CMakeFiles\cmTC_d6420.dir\build.make /nologo -L                  CMakeFiles\cmTC_d6420.dir\build
Building C object CMakeFiles/cmTC_d6420.dir/testCCompiler.c.obj
	C:\PROGRA~2\MICROS~2\2019\COMMUN~1\VC\Tools\MSVC\1427~1.291\bin\Hostx64\x64\cl.exe @C:\Users\MADOKA~1\AppData\Local\Temp\nm7D1C.tmp
testCCompiler.c
Linking C executable cmTC_d6420.exe
	"C:\Program Files\JetBrains\CLion2020.2.4\bin\cmake\win\bin\cmake.exe" -E vs_link_exe --intdir=CMakeFiles\cmTC_d6420.dir --rc=C:\PROGRA~2\WI3CF2~1\10\bin\100183~1.0\x64\rc.exe --mt=C:\PROGRA~2\WI3CF2~1\10\bin\100183~1.0\x64\mt.exe --manifests  -- C:\PROGRA~2\MICROS~2\2019\COMMUN~1\VC\Tools\MSVC\1427~1.291\bin\Hostx64\x64\link.exe /nologo @CMakeFiles\cmTC_d6420.dir\objects1.rsp @C:\Users\MADOKA~1\AppData\Local\Temp\nm7E75.tmp



Detecting C compiler ABI info compiled with the following output:
Change Dir: C:/Users/madoka_9900/Documents/github/CUDA_BEIGIN/cuda_cct/cmake-build-debug/CMakeFiles/CMakeTmp

Run Build Command(s):nmake /nologo cmTC_1372d\fast && 	"C:\Program Files (x86)\Microsoft Visual Studio\2019\Community\VC\Tools\MSVC\14.27.29110\bin\HostX64\x64\nmake.exe"  -f CMakeFiles\cmTC_1372d.dir\build.make /nologo -L                  CMakeFiles\cmTC_1372d.dir\build
Building C object CMakeFiles/cmTC_1372d.dir/CMakeCCompilerABI.c.obj
	C:\PROGRA~2\MICROS~2\2019\COMMUN~1\VC\Tools\MSVC\1427~1.291\bin\Hostx64\x64\cl.exe @C:\Users\MADOKA~1\AppData\Local\Temp\nm8087.tmp
CMakeCCompilerABI.c
Linking C executable cmTC_1372d.exe
	"C:\Program Files\JetBrains\CLion2020.2.4\bin\cmake\win\bin\cmake.exe" -E vs_link_exe --intdir=CMakeFiles\cmTC_1372d.dir --rc=C:\PROGRA~2\WI3CF2~1\10\bin\100183~1.0\x64\rc.exe --mt=C:\PROGRA~2\WI3CF2~1\10\bin\100183~1.0\x64\mt.exe --manifests  -- C:\PROGRA~2\MICROS~2\2019\COMMUN~1\VC\Tools\MSVC\1427~1.291\bin\Hostx64\x64\link.exe /nologo @CMakeFiles\cmTC_1372d.dir\objects1.rsp @C:\Users\MADOKA~1\AppData\Local\Temp\nm80D6.tmp



